[debug] [2025-01-23T16:46:48.569Z] ----------------------------------------------------------------------
[debug] [2025-01-23T16:46:48.571Z] Command:       C:\Program Files\nodejs\node.exe C:\Users\jaier\AppData\Roaming\npm\node_modules\firebase-tools\lib\bin\firebase.js init
[debug] [2025-01-23T16:46:48.572Z] CLI Version:   13.29.1
[debug] [2025-01-23T16:46:48.573Z] Platform:      win32
[debug] [2025-01-23T16:46:48.573Z] Node Version:  v22.3.0
[debug] [2025-01-23T16:46:48.573Z] Time:          Fri Jan 24 2025 00:46:48 GMT+0800 (China Standard Time)
[debug] [2025-01-23T16:46:48.573Z] ----------------------------------------------------------------------
[debug] 
[debug] [2025-01-23T16:46:48.575Z] >>> [apiv2][query] GET https://firebase-public.firebaseio.com/cli.json [none]
[debug] [2025-01-23T16:46:48.607Z] > command requires scopes: ["email","openid","https://www.googleapis.com/auth/cloudplatformprojects.readonly","https://www.googleapis.com/auth/firebase","https://www.googleapis.com/auth/cloud-platform"]
[debug] [2025-01-23T16:46:48.608Z] > authorizing via signed-in user (dojolesjaier9@gmail.com)
[info] 
     ######## #### ########  ######## ########     ###     ######  ########
     ##        ##  ##     ## ##       ##     ##  ##   ##  ##       ##
     ######    ##  ########  ######   ########  #########  ######  ######
     ##        ##  ##    ##  ##       ##     ## ##     ##       ## ##
     ##       #### ##     ## ######## ########  ##     ##  ######  ########

You're about to initialize a Firebase project in this directory:

  D:\JAIER FILES\VS Code\Projects\wildcats-express-sd2-vite

[debug] [2025-01-23T16:46:49.077Z] <<< [apiv2][status] GET https://firebase-public.firebaseio.com/cli.json 200
[debug] [2025-01-23T16:46:49.077Z] <<< [apiv2][body] GET https://firebase-public.firebaseio.com/cli.json {"cloudBuildErrorAfter":1594252800000,"cloudBuildWarnAfter":1590019200000,"defaultNode10After":1594252800000,"minVersion":"3.0.5","node8DeploysDisabledAfter":1613390400000,"node8RuntimeDisabledAfter":1615809600000,"node8WarnAfter":1600128000000}
